Drill report for HW.ACIM-DBG.kicad_pcb
Created on 2024-09-26T23:10:03+0700

Copper Layer Stackup:
    =============================================================
    L1 :  F.Cu                      front
    L2 :  In1.Cu                    in1
    L3 :  In2.Cu                    in2
    L4 :  B.Cu                      back


Drill file 'HW.ACIM-DBG-PTH-drl.gbr' contains
    plated through holes:
    =============================================================
    T1  0.300mm  0.0118"  (357 holes)
    T2  0.400mm  0.0157"  (4 holes)
    T3  0.500mm  0.0197"  (4 holes)  (with 4 slots)
    T4  1.000mm  0.0394"  (38 holes)
    T5  1.300mm  0.0512"  (5 holes)

    Total plated holes count 408


Drill file 'HW.ACIM-DBG-NPTH-drl.gbr' contains
    unplated through holes:
    =============================================================
    T1  2.500mm  0.0984"  (5 holes)

    Total unplated holes count 5
